[debug] [2022-12-19T10:31:11.822Z] ----------------------------------------------------------------------
[debug] [2022-12-19T10:31:11.825Z] Command:       C:\Program Files\nodejs\node.exe C:\Users\SHOUROV\AppData\Roaming\npm\node_modules\firebase-tools\lib\bin\firebase.js deploy
[debug] [2022-12-19T10:31:11.825Z] CLI Version:   11.16.1
[debug] [2022-12-19T10:31:11.825Z] Platform:      win32
[debug] [2022-12-19T10:31:11.826Z] Node Version:  v19.2.0
[debug] [2022-12-19T10:31:11.826Z] Time:          Mon Dec 19 2022 16:31:11 GMT+0600 (Bangladesh Standard Time)
[debug] [2022-12-19T10:31:11.826Z] ----------------------------------------------------------------------
[debug] 
[debug] [2022-12-19T10:31:11.830Z] >>> [apiv2][query] GET https://firebase-public.firebaseio.com/cli.json [none]
[debug] [2022-12-19T10:31:11.942Z] > command requires scopes: ["email","openid","https://www.googleapis.com/auth/cloudplatformprojects.readonly","https://www.googleapis.com/auth/firebase","https://www.googleapis.com/auth/cloud-platform"]
[debug] [2022-12-19T10:31:11.943Z] > authorizing via signed-in user (shafinur512@gmail.com)
[debug] [2022-12-19T10:31:11.943Z] [iam] checking project swift-camp-47b64 for permissions ["firebase.projects.get","firebasehosting.sites.update"]
[debug] [2022-12-19T10:31:11.944Z] > refreshing access token with scopes: []
[debug] [2022-12-19T10:31:11.945Z] >>> [apiv2][query] POST https://www.googleapis.com/oauth2/v3/token [none]
[debug] [2022-12-19T10:31:11.945Z] >>> [apiv2][body] POST https://www.googleapis.com/oauth2/v3/token [omitted]
[debug] [2022-12-19T10:31:12.316Z] <<< [apiv2][status] POST https://www.googleapis.com/oauth2/v3/token 200
[debug] [2022-12-19T10:31:12.316Z] <<< [apiv2][body] POST https://www.googleapis.com/oauth2/v3/token [omitted]
[debug] [2022-12-19T10:31:12.335Z] >>> [apiv2][query] POST https://cloudresourcemanager.googleapis.com/v1/projects/swift-camp-47b64:testIamPermissions [none]
[debug] [2022-12-19T10:31:12.335Z] >>> [apiv2][(partial)header] POST https://cloudresourcemanager.googleapis.com/v1/projects/swift-camp-47b64:testIamPermissions x-goog-quota-user=projects/swift-camp-47b64
[debug] [2022-12-19T10:31:12.336Z] >>> [apiv2][body] POST https://cloudresourcemanager.googleapis.com/v1/projects/swift-camp-47b64:testIamPermissions {"permissions":["firebase.projects.get","firebasehosting.sites.update"]}
[debug] [2022-12-19T10:31:12.669Z] <<< [apiv2][status] GET https://firebase-public.firebaseio.com/cli.json 200
[debug] [2022-12-19T10:31:12.669Z] <<< [apiv2][body] GET https://firebase-public.firebaseio.com/cli.json {"cloudBuildErrorAfter":1594252800000,"cloudBuildWarnAfter":1590019200000,"defaultNode10After":1594252800000,"minVersion":"3.0.5","node8DeploysDisabledAfter":1613390400000,"node8RuntimeDisabledAfter":1615809600000,"node8WarnAfter":1600128000000}
[debug] [2022-12-19T10:31:14.208Z] <<< [apiv2][status] POST https://cloudresourcemanager.googleapis.com/v1/projects/swift-camp-47b64:testIamPermissions 200
[debug] [2022-12-19T10:31:14.208Z] <<< [apiv2][body] POST https://cloudresourcemanager.googleapis.com/v1/projects/swift-camp-47b64:testIamPermissions {}
[debug] [2022-12-19T10:31:14.208Z] [iam] error while checking permissions, command may fail: FirebaseError: Authorization failed. This account is missing the following required permissions on project swift-camp-47b64:

  firebase.projects.get
  firebasehosting.sites.update
[debug] [2022-12-19T10:31:14.209Z] >>> [apiv2][query] GET https://firebase.googleapis.com/v1beta1/projects/swift-camp-47b64 [none]
[debug] [2022-12-19T10:31:14.848Z] <<< [apiv2][status] GET https://firebase.googleapis.com/v1beta1/projects/swift-camp-47b64 403
[debug] [2022-12-19T10:31:14.849Z] <<< [apiv2][body] GET https://firebase.googleapis.com/v1beta1/projects/swift-camp-47b64 {"error":{"code":403,"message":"The caller does not have permission","status":"PERMISSION_DENIED"}}
[debug] [2022-12-19T10:31:14.849Z] HTTP Error: 403, The caller does not have permission
[debug] [2022-12-19T10:31:15.420Z] FirebaseError: HTTP Error: 403, The caller does not have permission
    at responseToError (C:\Users\SHOUROV\AppData\Roaming\npm\node_modules\firebase-tools\lib\responseToError.js:49:12)
    at RetryOperation._fn (C:\Users\SHOUROV\AppData\Roaming\npm\node_modules\firebase-tools\lib\apiv2.js:288:77)
    at process.processTicksAndRejections (node:internal/process/task_queues:95:5)
[error] 
[error] Error: Failed to get Firebase project swift-camp-47b64. Please make sure the project exists and your account has permission to access it.
